[0m2021.02.16 18:10:47 INFO  Started: Metals version 0.9.10 in workspace '/Users/georgisamardzhiev/Documents/Code/scala/scala-learning-exercism/scala/bob' for client vscode 1.53.2.[0m
[0m2021.02.16 18:10:48 INFO  time: initialize in 1.62s[0m
[0m2021.02.16 18:10:50 WARN  Build server is not auto-connectable.[0m
[0m2021.02.16 18:10:56 INFO  no build target: using presentation compiler with only scala-library[0m
[0m2021.02.16 18:10:59 WARN  no build target for: /Users/georgisamardzhiev/Documents/Code/scala/scala-learning-exercism/scala/bob/src/main/scala/Bob.scala[0m
[0m2021.02.16 18:10:59 WARN  no build target for: /Users/georgisamardzhiev/Documents/Code/scala/scala-learning-exercism/scala/bob/build.sbt[0m
[0m2021.02.16 18:10:59 WARN  no build target for: /Users/georgisamardzhiev/Documents/Code/scala/scala-learning-exercism/scala/bob/src/main/scala/Bob.scala[0m
Feb 16, 2021 6:10:59 PM org.eclipse.lsp4j.jsonrpc.RemoteEndpoint handleCancellation
WARNING: Unmatched cancel notification for request id 9
[0m2021.02.16 18:10:59 INFO  running '/Library/Java/JavaVirtualMachines/adoptopenjdk-8.jdk/Contents/Home/bin/java -Djline.terminal=jline.UnsupportedTerminal -Dsbt.log.noformat=true -Dfile.encoding=UTF-8 -Dsbt.version=1.4.6 -jar /var/folders/yt/w61w_f5j0sl207y6bljhbzvc0000gn/T/metals5403851799422521289/sbt-launch.jar -Dbloop.export-jar-classifiers=sources bloopInstall'[0m
[0m2021.02.16 18:10:59 WARN  no build target for: /Users/georgisamardzhiev/Documents/Code/scala/scala-learning-exercism/scala/bob/project/metals.sbt[0m
[0m2021.02.16 18:10:59 WARN  no build target for: /Users/georgisamardzhiev/Documents/Code/scala/scala-learning-exercism/scala/bob/project/project/metals.sbt[0m
[0m2021.02.16 18:11:00 WARN  Unable to produce semanticdb for /Users/georgisamardzhiev/Documents/Code/scala/scala-learning-exercism/scala/bob/project/metals.sbt[0m
[0m2021.02.16 18:11:00 WARN  Unable to produce semanticdb for /Users/georgisamardzhiev/Documents/Code/scala/scala-learning-exercism/scala/bob/project/project/metals.sbt[0m
[0m2021.02.16 18:11:00 INFO  skipping build import with status 'Started'[0m
[0m2021.02.16 18:11:06 ERROR [info] [launcher] getting org.scala-sbt sbt 1.4.6  (this may take some time)...[0m
[0m2021.02.16 18:11:36 ERROR downloading https://repo1.maven.org/maven2/org/scala-sbt/sbt/1.4.6/sbt-1.4.6.jar ...[0m
[0m2021.02.16 18:11:36 ERROR downloading https://repo1.maven.org/maven2/org/scala-lang/scala-library/2.12.12/scala-library-2.12.12.jar ...[0m
[0m2021.02.16 18:11:36 ERROR downloading https://repo1.maven.org/maven2/org/scala-sbt/main_2.12/1.4.6/main_2.12-1.4.6.jar ...[0m
[0m2021.02.16 18:11:36 ERROR downloading https://repo1.maven.org/maven2/org/scala-sbt/io_2.12/1.4.0/io_2.12-1.4.0.jar ...[0m
[0m2021.02.16 18:11:36 ERROR :: loading settings :: url = jar:file:/private/var/folders/yt/w61w_f5j0sl207y6bljhbzvc0000gn/T/metals5403851799422521289/sbt-launch.jar!/org/apache/ivy/core/settings/ivysettings.xml[0m
[0m2021.02.16 18:11:36 ERROR :: loading settings :: url = jar:file:/private/var/folders/yt/w61w_f5j0sl207y6bljhbzvc0000gn/T/metals5403851799422521289/sbt-launch.jar!/org/apache/ivy/core/settings/ivysettings.xml[0m
[0m2021.02.16 18:11:36 ERROR :: loading settings :: url = jar:file:/private/var/folders/yt/w61w_f5j0sl207y6bljhbzvc0000gn/T/metals5403851799422521289/sbt-launch.jar!/org/apache/ivy/core/settings/ivysettings.xml[0m
[0m2021.02.16 18:11:36 ERROR :: loading settings :: url = jar:file:/private/var/folders/yt/w61w_f5j0sl207y6bljhbzvc0000gn/T/metals5403851799422521289/sbt-launch.jar!/org/apache/ivy/core/settings/ivysettings.xml[0m
[0m2021.02.16 18:11:36 ERROR 	[SUCCESSFUL ] org.scala-sbt#sbt;1.4.6!sbt.jar (351ms)[0m
[0m2021.02.16 18:11:36 ERROR downloading https://repo1.maven.org/maven2/org/scala-sbt/logic_2.12/1.4.6/logic_2.12-1.4.6.jar ...[0m
[0m2021.02.16 18:11:36 ERROR 	[SUCCESSFUL ] org.scala-sbt#io_2.12;1.4.0!io_2.12.jar (386ms)[0m
[0m2021.02.16 18:11:36 ERROR downloading https://repo1.maven.org/maven2/org/scala-sbt/actions_2.12/1.4.6/actions_2.12-1.4.6.jar ...[0m
[0m2021.02.16 18:11:36 ERROR 	[SUCCESSFUL ] org.scala-sbt#logic_2.12;1.4.6!logic_2.12.jar (178ms)[0m
[0m2021.02.16 18:11:36 ERROR downloading https://repo1.maven.org/maven2/org/scala-sbt/main-settings_2.12/1.4.6/main-settings_2.12-1.4.6.jar ...[0m
[0m2021.02.16 18:11:36 ERROR 	[SUCCESSFUL ] org.scala-sbt#actions_2.12;1.4.6!actions_2.12.jar (259ms)[0m
[0m2021.02.16 18:11:36 ERROR downloading https://repo1.maven.org/maven2/org/scala-sbt/run_2.12/1.4.6/run_2.12-1.4.6.jar ...[0m
[0m2021.02.16 18:11:36 ERROR 	[SUCCESSFUL ] org.scala-sbt#run_2.12;1.4.6!run_2.12.jar (185ms)[0m
[0m2021.02.16 18:11:36 ERROR downloading https://repo1.maven.org/maven2/org/scala-sbt/command_2.12/1.4.6/command_2.12-1.4.6.jar ...[0m
[0m2021.02.16 18:11:37 ERROR 	[SUCCESSFUL ] org.scala-sbt#main-settings_2.12;1.4.6!main-settings_2.12.jar (534ms)[0m
[0m2021.02.16 18:11:37 ERROR downloading https://repo1.maven.org/maven2/org/scala-sbt/collections_2.12/1.4.6/collections_2.12-1.4.6.jar ...[0m
[0m2021.02.16 18:11:37 ERROR 	[SUCCESSFUL ] org.scala-sbt#command_2.12;1.4.6!command_2.12.jar (281ms)[0m
[0m2021.02.16 18:11:37 ERROR downloading https://repo1.maven.org/maven2/org/scala-sbt/scripted-plugin_2.12/1.4.6/scripted-plugin_2.12-1.4.6.jar ...[0m
[0m2021.02.16 18:11:37 ERROR 	[SUCCESSFUL ] org.scala-sbt#scripted-plugin_2.12;1.4.6!scripted-plugin_2.12.jar (158ms)[0m
[0m2021.02.16 18:11:37 ERROR downloading https://repo1.maven.org/maven2/org/scala-sbt/zinc-lm-integration_2.12/1.4.6/zinc-lm-integration_2.12-1.4.6.jar ...[0m
[0m2021.02.16 18:11:37 ERROR 	[SUCCESSFUL ] org.scala-sbt#collections_2.12;1.4.6!collections_2.12.jar (341ms)[0m
[0m2021.02.16 18:11:37 ERROR downloading https://repo1.maven.org/maven2/org/scala-sbt/util-logging_2.12/1.4.6/util-logging_2.12-1.4.6.jar ...[0m
[0m2021.02.16 18:11:37 ERROR 	[SUCCESSFUL ] org.scala-sbt#zinc-lm-integration_2.12;1.4.6!zinc-lm-integration_2.12.jar (142ms)[0m
[0m2021.02.16 18:11:37 ERROR downloading https://repo1.maven.org/maven2/org/scala-lang/modules/scala-xml_2.12/1.3.0/scala-xml_2.12-1.3.0.jar ...[0m
[0m2021.02.16 18:11:37 ERROR 	[SUCCESSFUL ] org.scala-sbt#main_2.12;1.4.6!main_2.12.jar (1451ms)[0m
[0m2021.02.16 18:11:37 ERROR downloading https://repo1.maven.org/maven2/org/scala-sbt/launcher-interface/1.1.6/launcher-interface-1.1.6.jar ...[0m
[0m2021.02.16 18:11:37 ERROR 	[SUCCESSFUL ] org.scala-sbt#launcher-interface;1.1.6!launcher-interface.jar (138ms)[0m
[0m2021.02.16 18:11:37 ERROR downloading https://repo1.maven.org/maven2/com/github/ben-manes/caffeine/caffeine/2.8.5/caffeine-2.8.5.jar ...[0m
[0m2021.02.16 18:11:37 ERROR 	[SUCCESSFUL ] org.scala-sbt#util-logging_2.12;1.4.6!util-logging_2.12.jar (271ms)[0m
[0m2021.02.16 18:11:37 ERROR downloading https://repo1.maven.org/maven2/io/get-coursier/lm-coursier-shaded_2.12/2.0.5/lm-coursier-shaded_2.12-2.0.5.jar ...[0m
[0m2021.02.16 18:11:37 ERROR 	[SUCCESSFUL ] org.scala-lang.modules#scala-xml_2.12;1.3.0!scala-xml_2.12.jar(bundle) (468ms)[0m
[0m2021.02.16 18:11:37 ERROR downloading https://repo1.maven.org/maven2/com/swoval/file-tree-views/2.1.6/file-tree-views-2.1.6.jar ...[0m
[0m2021.02.16 18:11:37 ERROR 	[SUCCESSFUL ] com.github.ben-manes.caffeine#caffeine;2.8.5!caffeine.jar (471ms)[0m
[0m2021.02.16 18:11:37 ERROR downloading https://repo1.maven.org/maven2/org/scala-sbt/librarymanagement-core_2.12/1.4.3/librarymanagement-core_2.12-1.4.3.jar ...[0m
[0m2021.02.16 18:11:38 ERROR 	[SUCCESSFUL ] com.swoval#file-tree-views;2.1.6!file-tree-views.jar (273ms)[0m
[0m2021.02.16 18:11:38 ERROR downloading https://repo1.maven.org/maven2/org/scala-sbt/librarymanagement-ivy_2.12/1.4.3/librarymanagement-ivy_2.12-1.4.3.jar ...[0m
[0m2021.02.16 18:11:38 ERROR 	[SUCCESSFUL ] org.scala-lang#scala-library;2.12.12!scala-library.jar (2489ms)[0m
[0m2021.02.16 18:11:38 ERROR downloading https://repo1.maven.org/maven2/org/scala-sbt/compiler-interface/1.4.4/compiler-interface-1.4.4.jar ...[0m
[0m2021.02.16 18:11:38 ERROR 	[SUCCESSFUL ] org.scala-sbt#librarymanagement-core_2.12;1.4.3!librarymanagement-core_2.12.jar (565ms)[0m
[0m2021.02.16 18:11:38 ERROR downloading https://repo1.maven.org/maven2/org/scala-sbt/zinc-compile_2.12/1.4.4/zinc-compile_2.12-1.4.4.jar ...[0m
[0m2021.02.16 18:11:38 ERROR 	[SUCCESSFUL ] org.scala-sbt#compiler-interface;1.4.4!compiler-interface.jar (187ms)[0m
[0m2021.02.16 18:11:38 ERROR downloading https://repo1.maven.org/maven2/org/scala-sbt/util-relation_2.12/1.4.6/util-relation_2.12-1.4.6.jar ...[0m
[0m2021.02.16 18:11:38 ERROR 	[SUCCESSFUL ] org.scala-sbt#librarymanagement-ivy_2.12;1.4.3!librarymanagement-ivy_2.12.jar (538ms)[0m
[0m2021.02.16 18:11:38 ERROR downloading https://repo1.maven.org/maven2/org/scala-sbt/util-position_2.12/1.4.6/util-position_2.12-1.4.6.jar ...[0m
[0m2021.02.16 18:11:38 ERROR 	[SUCCESSFUL ] org.scala-sbt#zinc-compile_2.12;1.4.4!zinc-compile_2.12.jar (137ms)[0m
[0m2021.02.16 18:11:38 ERROR downloading https://repo1.maven.org/maven2/com/eed3si9n/sjson-new-scalajson_2.12/0.9.1/sjson-new-scalajson_2.12-0.9.1.jar ...[0m
[0m2021.02.16 18:11:38 ERROR 	[SUCCESSFUL ] org.scala-sbt#util-relation_2.12;1.4.6!util-relation_2.12.jar (134ms)[0m
[0m2021.02.16 18:11:38 ERROR downloading https://repo1.maven.org/maven2/org/scala-lang/scala-reflect/2.12.12/scala-reflect-2.12.12.jar ...[0m
[0m2021.02.16 18:11:38 ERROR 	[SUCCESSFUL ] org.scala-sbt#util-position_2.12;1.4.6!util-position_2.12.jar (145ms)[0m
[0m2021.02.16 18:11:38 ERROR downloading https://repo1.maven.org/maven2/com/eed3si9n/sjson-new-core_2.12/0.9.1/sjson-new-core_2.12-0.9.1.jar ...[0m
[0m2021.02.16 18:11:38 ERROR 	[SUCCESSFUL ] com.eed3si9n#sjson-new-scalajson_2.12;0.9.1!sjson-new-scalajson_2.12.jar (147ms)[0m
[0m2021.02.16 18:11:38 ERROR downloading https://repo1.maven.org/maven2/com/eed3si9n/shaded-jawn-parser_2.12/0.9.1/shaded-jawn-parser_2.12-0.9.1.jar ...[0m
[0m2021.02.16 18:11:38 ERROR 	[SUCCESSFUL ] com.eed3si9n#shaded-jawn-parser_2.12;0.9.1!shaded-jawn-parser_2.12.jar (190ms)[0m
[0m2021.02.16 18:11:38 ERROR downloading https://repo1.maven.org/maven2/org/scala-sbt/completion_2.12/1.4.6/completion_2.12-1.4.6.jar ...[0m
[0m2021.02.16 18:11:39 ERROR 	[SUCCESSFUL ] org.scala-sbt#completion_2.12;1.4.6!completion_2.12.jar (364ms)[0m
[0m2021.02.16 18:11:39 ERROR downloading https://repo1.maven.org/maven2/org/scala-sbt/task-system_2.12/1.4.6/task-system_2.12-1.4.6.jar ...[0m
[0m2021.02.16 18:11:39 ERROR 	[SUCCESSFUL ] com.eed3si9n#sjson-new-core_2.12;0.9.1!sjson-new-core_2.12.jar (1169ms)[0m
[0m2021.02.16 18:11:39 ERROR downloading https://repo1.maven.org/maven2/org/scala-sbt/tasks_2.12/1.4.6/tasks_2.12-1.4.6.jar ...[0m
[0m2021.02.16 18:11:39 ERROR 	[SUCCESSFUL ] org.scala-sbt#tasks_2.12;1.4.6!tasks_2.12.jar (206ms)[0m
[0m2021.02.16 18:11:39 ERROR downloading https://repo1.maven.org/maven2/org/scala-sbt/testing_2.12/1.4.6/testing_2.12-1.4.6.jar ...[0m
[0m2021.02.16 18:11:40 ERROR 	[SUCCESSFUL ] org.scala-sbt#testing_2.12;1.4.6!testing_2.12.jar (258ms)[0m
[0m2021.02.16 18:11:40 ERROR downloading https://repo1.maven.org/maven2/org/scala-sbt/util-tracking_2.12/1.4.6/util-tracking_2.12-1.4.6.jar ...[0m
[0m2021.02.16 18:11:40 ERROR 	[SUCCESSFUL ] org.scala-sbt#util-tracking_2.12;1.4.6!util-tracking_2.12.jar (150ms)[0m
[0m2021.02.16 18:11:40 ERROR downloading https://repo1.maven.org/maven2/org/scala-sbt/jline3/jline-terminal/3.16.0-sbt-211a082ed6326908dc84ca017ce4430728f18a8a/jline-terminal-3.16.0-sbt-211a082ed6326908dc84ca017ce4430728f18a8a.jar ...[0m
[0m2021.02.16 18:11:40 ERROR 	[SUCCESSFUL ] org.scala-sbt.jline3#jline-terminal;3.16.0-sbt-211a082ed6326908dc84ca017ce4430728f18a8a!jline-terminal.jar (256ms)[0m
[0m2021.02.16 18:11:40 ERROR downloading https://repo1.maven.org/maven2/org/scala-sbt/zinc-classpath_2.12/1.4.4/zinc-classpath_2.12-1.4.4.jar ...[0m
[0m2021.02.16 18:11:40 ERROR 	[SUCCESSFUL ] org.scala-sbt#zinc-classpath_2.12;1.4.4!zinc-classpath_2.12.jar (186ms)[0m
[0m2021.02.16 18:11:40 ERROR downloading https://repo1.maven.org/maven2/org/scala-sbt/zinc-apiinfo_2.12/1.4.4/zinc-apiinfo_2.12-1.4.4.jar ...[0m
[0m2021.02.16 18:11:40 ERROR 	[SUCCESSFUL ] org.scala-lang#scala-reflect;2.12.12!scala-reflect.jar (2334ms)[0m
[0m2021.02.16 18:11:40 ERROR downloading https://repo1.maven.org/maven2/org/scala-sbt/zinc_2.12/1.4.4/zinc_2.12-1.4.4.jar ...[0m
[0m2021.02.16 18:11:40 ERROR 	[SUCCESSFUL ] org.scala-sbt#zinc_2.12;1.4.4!zinc_2.12.jar (155ms)[0m
[0m2021.02.16 18:11:40 ERROR downloading https://repo1.maven.org/maven2/org/scala-sbt/util-control_2.12/1.4.6/util-control_2.12-1.4.6.jar ...[0m
[0m2021.02.16 18:11:40 ERROR 	[SUCCESSFUL ] org.scala-sbt#zinc-apiinfo_2.12;1.4.4!zinc-apiinfo_2.12.jar (224ms)[0m
[0m2021.02.16 18:11:40 ERROR downloading https://repo1.maven.org/maven2/org/scala-sbt/jline/jline/2.14.7-sbt-5e51b9d4f9631ebfa29753ce4accc57808e7fd6b/jline-2.14.7-sbt-5e51b9d4f9631ebfa29753ce4accc57808e7fd6b.jar ...[0m
[0m2021.02.16 18:11:40 ERROR 	[SUCCESSFUL ] org.scala-sbt#task-system_2.12;1.4.6!task-system_2.12.jar (1932ms)[0m
[0m2021.02.16 18:11:40 ERROR downloading https://repo1.maven.org/maven2/org/jline/jline-reader/3.16.0/jline-reader-3.16.0.jar ...[0m
[0m2021.02.16 18:11:40 ERROR 	[SUCCESSFUL ] org.scala-sbt#util-control_2.12;1.4.6!util-control_2.12.jar (139ms)[0m
[0m2021.02.16 18:11:40 ERROR downloading https://repo1.maven.org/maven2/org/jline/jline-builtins/3.16.0/jline-builtins-3.16.0.jar ...[0m
[0m2021.02.16 18:11:41 ERROR 	[SUCCESSFUL ] org.scala-sbt.jline#jline;2.14.7-sbt-5e51b9d4f9631ebfa29753ce4accc57808e7fd6b!jline.jar (187ms)[0m
[0m2021.02.16 18:11:41 ERROR downloading https://repo1.maven.org/maven2/org/scala-sbt/util-interface/1.4.6/util-interface-1.4.6.jar ...[0m
[0m2021.02.16 18:11:41 ERROR 	[SUCCESSFUL ] org.scala-sbt#util-interface;1.4.6!util-interface.jar (133ms)[0m
[0m2021.02.16 18:11:41 ERROR downloading https://repo1.maven.org/maven2/org/scala-sbt/core-macros_2.12/1.4.6/core-macros_2.12-1.4.6.jar ...[0m
[0m2021.02.16 18:11:41 ERROR 	[SUCCESSFUL ] org.jline#jline-builtins;3.16.0!jline-builtins.jar (267ms)[0m
[0m2021.02.16 18:11:41 ERROR downloading https://repo1.maven.org/maven2/org/jline/jline-terminal-jna/3.16.0/jline-terminal-jna-3.16.0.jar ...[0m
[0m2021.02.16 18:11:41 ERROR 	[SUCCESSFUL ] org.scala-sbt#core-macros_2.12;1.4.6!core-macros_2.12.jar (180ms)[0m
[0m2021.02.16 18:11:41 ERROR downloading https://repo1.maven.org/maven2/org/jline/jline-terminal-jansi/3.16.0/jline-terminal-jansi-3.16.0.jar ...[0m
[0m2021.02.16 18:11:41 ERROR 	[SUCCESSFUL ] org.jline#jline-terminal-jna;3.16.0!jline-terminal-jna.jar (162ms)[0m
[0m2021.02.16 18:11:41 ERROR downloading https://repo1.maven.org/maven2/org/scala-lang/scala-compiler/2.12.12/scala-compiler-2.12.12.jar ...[0m
[0m2021.02.16 18:11:41 ERROR 	[SUCCESSFUL ] org.jline#jline-reader;3.16.0!jline-reader.jar (505ms)[0m
[0m2021.02.16 18:11:41 ERROR downloading https://repo1.maven.org/maven2/org/jline/jline-terminal/3.16.0/jline-terminal-3.16.0.jar ...[0m
[0m2021.02.16 18:11:41 ERROR 	[SUCCESSFUL ] org.jline#jline-terminal-jansi;3.16.0!jline-terminal-jansi.jar (139ms)[0m
[0m2021.02.16 18:11:41 ERROR downloading https://repo1.maven.org/maven2/org/fusesource/jansi/jansi/1.18/jansi-1.18.jar ...[0m
[0m2021.02.16 18:11:41 ERROR 	[SUCCESSFUL ] io.get-coursier#lm-coursier-shaded_2.12;2.0.5!lm-coursier-shaded_2.12.jar (4306ms)[0m
[0m2021.02.16 18:11:41 ERROR downloading https://repo1.maven.org/maven2/org/jline/jline-style/3.16.0/jline-style-3.16.0.jar ...[0m
[0m2021.02.16 18:11:41 ERROR 	[SUCCESSFUL ] org.jline#jline-style;3.16.0!jline-style.jar (149ms)[0m
[0m2021.02.16 18:11:41 ERROR downloading https://repo1.maven.org/maven2/org/scala-sbt/util-cache_2.12/1.4.6/util-cache_2.12-1.4.6.jar ...[0m
[0m2021.02.16 18:11:41 ERROR 	[SUCCESSFUL ] org.jline#jline-terminal;3.16.0!jline-terminal.jar (288ms)[0m
[0m2021.02.16 18:11:41 ERROR downloading https://repo1.maven.org/maven2/com/eed3si9n/sjson-new-murmurhash_2.12/0.9.1/sjson-new-murmurhash_2.12-0.9.1.jar ...[0m
[0m2021.02.16 18:11:41 ERROR 	[SUCCESSFUL ] org.fusesource.jansi#jansi;1.18!jansi.jar (254ms)[0m
[0m2021.02.16 18:11:41 ERROR downloading https://repo1.maven.org/maven2/org/scala-sbt/test-agent/1.4.6/test-agent-1.4.6.jar ...[0m
[0m2021.02.16 18:11:41 ERROR 	[SUCCESSFUL ] com.eed3si9n#sjson-new-murmurhash_2.12;0.9.1!sjson-new-murmurhash_2.12.jar (143ms)[0m
[0m2021.02.16 18:11:41 ERROR downloading https://repo1.maven.org/maven2/org/scala-sbt/compiler-bridge_2.12/1.4.4/compiler-bridge_2.12-1.4.4.jar ...[0m
[0m2021.02.16 18:11:41 ERROR 	[SUCCESSFUL ] org.scala-sbt#test-agent;1.4.6!test-agent.jar (138ms)[0m
[0m2021.02.16 18:11:41 ERROR downloading https://repo1.maven.org/maven2/org/scala-sbt/zinc-classfile_2.12/1.4.4/zinc-classfile_2.12-1.4.4.jar ...[0m
[0m2021.02.16 18:11:41 ERROR 	[SUCCESSFUL ] org.scala-sbt#util-cache_2.12;1.4.6!util-cache_2.12.jar (219ms)[0m
[0m2021.02.16 18:11:41 ERROR downloading https://repo1.maven.org/maven2/org/scala-sbt/zinc-core_2.12/1.4.4/zinc-core_2.12-1.4.4.jar ...[0m
[0m2021.02.16 18:11:42 ERROR 	[SUCCESSFUL ] org.scala-sbt#zinc-classfile_2.12;1.4.4!zinc-classfile_2.12.jar (191ms)[0m
[0m2021.02.16 18:11:42 ERROR downloading https://repo1.maven.org/maven2/org/scala-sbt/zinc-persist_2.12/1.4.4/zinc-persist_2.12-1.4.4.jar ...[0m
[0m2021.02.16 18:11:42 ERROR 	[SUCCESSFUL ] org.scala-sbt#compiler-bridge_2.12;1.4.4!compiler-bridge_2.12.jar (260ms)[0m
[0m2021.02.16 18:11:42 ERROR downloading https://repo1.maven.org/maven2/org/scala-sbt/zinc-compile-core_2.12/1.4.4/zinc-compile-core_2.12-1.4.4.jar ...[0m
[0m2021.02.16 18:11:42 ERROR 	[SUCCESSFUL ] org.scala-sbt#zinc-core_2.12;1.4.4!zinc-core_2.12.jar (316ms)[0m
[0m2021.02.16 18:11:42 ERROR downloading https://repo1.maven.org/maven2/org/scala-sbt/zinc-persist-core-assembly/1.4.4/zinc-persist-core-assembly-1.4.4.jar ...[0m
[0m2021.02.16 18:11:42 ERROR 	[SUCCESSFUL ] org.scala-sbt#zinc-persist_2.12;1.4.4!zinc-persist_2.12.jar (278ms)[0m
[0m2021.02.16 18:11:42 ERROR downloading https://repo1.maven.org/maven2/net/openhft/zero-allocation-hashing/0.10.1/zero-allocation-hashing-0.10.1.jar ...[0m
[0m2021.02.16 18:11:42 ERROR 	[SUCCESSFUL ] org.scala-sbt#zinc-compile-core_2.12;1.4.4!zinc-compile-core_2.12.jar (267ms)[0m
[0m2021.02.16 18:11:42 ERROR downloading https://repo1.maven.org/maven2/org/scala-sbt/sbinary_2.12/0.5.1/sbinary_2.12-0.5.1.jar ...[0m
[0m2021.02.16 18:11:42 ERROR 	[SUCCESSFUL ] net.openhft#zero-allocation-hashing;0.10.1!zero-allocation-hashing.jar(bundle) (154ms)[0m
[0m2021.02.16 18:11:42 ERROR downloading https://repo1.maven.org/maven2/org/scala-sbt/protocol_2.12/1.4.6/protocol_2.12-1.4.6.jar ...[0m
[0m2021.02.16 18:11:42 ERROR 	[SUCCESSFUL ] org.scala-sbt#sbinary_2.12;0.5.1!sbinary_2.12.jar (226ms)[0m
[0m2021.02.16 18:11:42 ERROR downloading https://repo1.maven.org/maven2/org/scala-sbt/ipcsocket/ipcsocket/1.3.0/ipcsocket-1.3.0.jar ...[0m
[0m2021.02.16 18:11:42 ERROR 	[SUCCESSFUL ] org.scala-sbt.ipcsocket#ipcsocket;1.3.0!ipcsocket.jar (228ms)[0m
[0m2021.02.16 18:11:42 ERROR downloading https://repo1.maven.org/maven2/org/checkerframework/checker-qual/3.4.1/checker-qual-3.4.1.jar ...[0m
[0m2021.02.16 18:11:43 ERROR 	[SUCCESSFUL ] org.scala-sbt#protocol_2.12;1.4.6!protocol_2.12.jar (568ms)[0m
[0m2021.02.16 18:11:43 ERROR downloading https://repo1.maven.org/maven2/com/google/errorprone/error_prone_annotations/2.4.0/error_prone_annotations-2.4.0.jar ...[0m
[0m2021.02.16 18:11:43 ERROR 	[SUCCESSFUL ] org.checkerframework#checker-qual;3.4.1!checker-qual.jar (248ms)[0m
[0m2021.02.16 18:11:43 ERROR downloading https://repo1.maven.org/maven2/org/scala-lang/modules/scala-collection-compat_2.12/2.3.2/scala-collection-compat_2.12-2.3.2.jar ...[0m
[0m2021.02.16 18:11:43 ERROR 	[SUCCESSFUL ] com.google.errorprone#error_prone_annotations;2.4.0!error_prone_annotations.jar (137ms)[0m
[0m2021.02.16 18:11:43 ERROR downloading https://repo1.maven.org/maven2/org/scala-sbt/ivy/ivy/2.3.0-sbt-fbc4f586aeeb1591710b14eb4f41b94880dcd745/ivy-2.3.0-sbt-fbc4f586aeeb1591710b14eb4f41b94880dcd745.jar ...[0m
[0m2021.02.16 18:11:43 ERROR 	[SUCCESSFUL ] org.scala-lang.modules#scala-collection-compat_2.12;2.3.2!scala-collection-compat_2.12.jar (248ms)[0m
[0m2021.02.16 18:11:43 ERROR 	[SUCCESSFUL ] org.scala-sbt#zinc-persist-core-assembly;1.4.4!zinc-persist-core-assembly.jar (1125ms)[0m
[0m2021.02.16 18:11:43 ERROR 	[SUCCESSFUL ] org.scala-sbt.ivy#ivy;2.3.0-sbt-fbc4f586aeeb1591710b14eb4f41b94880dcd745!ivy.jar (447ms)[0m
[0m2021.02.16 18:11:45 ERROR 	[SUCCESSFUL ] org.scala-lang#scala-compiler;2.12.12!scala-compiler.jar (3733ms)[0m
[0m2021.02.16 18:11:45 ERROR :: retrieving :: org.scala-sbt#boot-app[0m
[0m2021.02.16 18:11:45 ERROR 	confs: [default][0m
[0m2021.02.16 18:11:45 ERROR 	84 artifacts copied, 0 already retrieved[0m
[0m2021.02.16 18:11:45 ERROR [info] [launcher] getting Scala 2.12.12 (for sbt)...[0m
[0m2021.02.16 18:11:45 ERROR :: retrieving :: org.scala-sbt#boot-scala[0m
[0m2021.02.16 18:11:45 ERROR 	confs: [default][0m
[0m2021.02.16 18:11:45 ERROR 	6 artifacts copied, 0 already retrieved[0m
[0m2021.02.16 18:11:48 INFO  [info] Updated file /Users/georgisamardzhiev/Documents/Code/scala/scala-learning-exercism/scala/bob/project/build.properties: set sbt.version to 1.4.6[0m
[0m2021.02.16 18:11:48 INFO  [info] welcome to sbt 1.4.6 (AdoptOpenJDK Java 1.8.0_252)[0m
[0m2021.02.16 18:11:49 WARN  Unable to produce semanticdb for /Users/georgisamardzhiev/Documents/Code/scala/scala-learning-exercism/scala/bob/project/build.properties[0m
[0m2021.02.16 18:11:57 INFO  [info] loading global plugins from /Users/georgisamardzhiev/.sbt/1.0/plugins[0m
[0m2021.02.16 18:12:18 INFO  [info] loading settings for project bob-build-build from metals.sbt ...[0m
[0m2021.02.16 18:12:18 INFO  [info] loading project definition from /Users/georgisamardzhiev/Documents/Code/scala/scala-learning-exercism/scala/bob/project/project[0m
[0m2021.02.16 18:12:23 INFO  [info] loading settings for project bob-build from metals.sbt ...[0m
[0m2021.02.16 18:12:23 INFO  [info] loading project definition from /Users/georgisamardzhiev/Documents/Code/scala/scala-learning-exercism/scala/bob/project[0m
[0m2021.02.16 18:12:29 WARN  no build target for: /Users/georgisamardzhiev/Documents/Code/scala/scala-learning-exercism/scala/bob/src/test/scala/BobTest.scala[0m
[0m2021.02.16 18:12:29 INFO  [success] Generated .bloop/bob-build.json[0m
[0m2021.02.16 18:12:29 INFO  [success] Total time: 6 s, completed Feb 16, 2021 6:12:30 PM[0m
[0m2021.02.16 18:12:32 INFO  [info] loading settings for project bob from build.sbt ...[0m
[0m2021.02.16 18:12:32 INFO  [info] set current project to bob (in build file:/Users/georgisamardzhiev/Documents/Code/scala/scala-learning-exercism/scala/bob/)[0m
[0m2021.02.16 18:12:34 INFO  [success] Generated .bloop/bob.json[0m
[0m2021.02.16 18:12:34 INFO  [success] Generated .bloop/bob-test.json[0m
[0m2021.02.16 18:12:34 INFO  [success] Total time: 1 s, completed Feb 16, 2021 6:12:34 PM[0m
[0m2021.02.16 18:12:34 INFO  sbt bloopInstall exit: 0[0m
[0m2021.02.16 18:12:34 INFO  time: ran 'sbt bloopInstall' in 1m34s[0m
[0m2021.02.16 18:12:34 INFO  Attempting to connect to the build server...[0m
Starting the bsp launcher for bloop...
Opening a bsp server connection with 'bsp --protocol local --socket /var/folders/yt/w61w_f5j0sl207y6bljhbzvc0000gn/T/bsp-launcher5017351526177736928/bsp.socket'...
Waiting for the bsp connection to come up...
Waiting for the bsp connection to come up...
Waiting for the bsp connection to come up...
Feb 16, 2021 6:12:37 PM org.eclipse.lsp4j.jsonrpc.RemoteEndpoint handleCancellation
WARNING: Unmatched cancel notification for request id 21
[0m2021.02.16 18:12:37 WARN  no build target for: /Users/georgisamardzhiev/Documents/Code/scala/scala-learning-exercism/scala/bob/src/main/scala/Bob.scala[0m
Waiting for the bsp connection to come up...
Waiting for the bsp connection to come up...
Waiting for the bsp connection to come up...
Waiting for the bsp connection to come up...
Waiting for the bsp connection to come up...
No server running at 127.0.0.1:8212, let's fire one...
Resolving ch.epfl.scala:bloop-frontend_2.12:1.4.6-21-464e4ec4...
Starting bloop server at 127.0.0.1:8212...
Attempting a connection to the server...
Attempting a connection to the server...
Attempting a connection to the server...
Attempting a connection to the server...
Attempting a connection to the server...
Attempting a connection to the server...
Attempting a connection to the server...
Attempting a connection to the server...
Attempting a connection to the server...
Attempting a connection to the server...
[0m[32m[D][0m Loading 2 projects from '/Users/georgisamardzhiev/Documents/Code/scala/scala-learning-exercism/scala/bob/.bloop'...
[0m[32m[D][0m Loading project from '/Users/georgisamardzhiev/Documents/Code/scala/scala-learning-exercism/scala/bob/.bloop/bob.json'
[0m[32m[D][0m Loading project from '/Users/georgisamardzhiev/Documents/Code/scala/scala-learning-exercism/scala/bob/.bloop/bob-test.json'
[0m[32m[D][0m Cache miss for scala instance org.scala-lang:scala-compiler:2.12.8.
[0m[32m[D][0m   => /Users/georgisamardzhiev/Library/Caches/Coursier/v1/https/repo1.maven.org/maven2/jline/jline/2.14.6/jline-2.14.6.jar
[0m[32m[D][0m   => /Users/georgisamardzhiev/Library/Caches/Coursier/v1/https/repo1.maven.org/maven2/org/scala-lang/modules/scala-xml_2.12/1.0.6/scala-xml_2.12-1.0.6.jar
[0m[32m[D][0m   => /Users/georgisamardzhiev/Library/Caches/Coursier/v1/https/repo1.maven.org/maven2/org/scala-lang/scala-compiler/2.12.8/scala-compiler-2.12.8.jar
[0m[32m[D][0m   => /Users/georgisamardzhiev/Library/Caches/Coursier/v1/https/repo1.maven.org/maven2/org/scala-lang/scala-library/2.12.8/scala-library-2.12.8.jar
[0m[32m[D][0m   => /Users/georgisamardzhiev/Library/Caches/Coursier/v1/https/repo1.maven.org/maven2/org/scala-lang/scala-reflect/2.12.8/scala-reflect-2.12.8.jar
[0m[32m[D][0m Missing analysis file for project 'bob-test'
[0m[32m[D][0m Missing analysis file for project 'bob'
[0m[32m[D][0m Waiting for a connection at local:///var/folders/yt/w61w_f5j0sl207y6bljhbzvc0000gn/T/bsp-launcher5017351526177736928/bsp.socket...
The server is listening for incoming connections at local:///var/folders/yt/w61w_f5j0sl207y6bljhbzvc0000gn/T/bsp-launcher5017351526177736928/bsp.socket...
Starting thread that pumps stdin and redirects it to the bsp server...
Starting thread that pumps server stdout and redirects it to the client stdout...
[0m2021.02.16 18:12:42 INFO  tracing is disabled for protocol BSP, to enable tracing of incoming and outgoing JSON messages create an empty file at /Users/georgisamardzhiev/Library/Caches/org.scalameta.metals/bsp.trace.json[0m
[0m2021.02.16 18:12:47 INFO  Attempting to connect to the build server...[0m
Starting the bsp launcher for bloop...
Opening a bsp server connection with 'bsp --protocol local --socket /var/folders/yt/w61w_f5j0sl207y6bljhbzvc0000gn/T/bsp-launcher2389329174756543067/bsp.socket'...
Waiting for the bsp connection to come up...
[0m[32m[D][0m Loading workspace settings from bloop.settings.json
[0m[32m[D][0m Waiting for a connection at local:///var/folders/yt/w61w_f5j0sl207y6bljhbzvc0000gn/T/bsp-launcher2389329174756543067/bsp.socket...
The server is listening for incoming connections at local:///var/folders/yt/w61w_f5j0sl207y6bljhbzvc0000gn/T/bsp-launcher2389329174756543067/bsp.socket...
Starting thread that pumps stdin and redirects it to the bsp server...
Starting thread that pumps server stdout and redirects it to the client stdout...
[0m2021.02.16 18:12:47 INFO  tracing is disabled for protocol BSP, to enable tracing of incoming and outgoing JSON messages create an empty file at /Users/georgisamardzhiev/Library/Caches/org.scalameta.metals/bsp.trace.json[0m
[0m2021.02.16 18:12:49 INFO  time: connected to build server in 14s[0m
[0m2021.02.16 18:12:49 INFO  Connected to Build server v1.4.6-21-464e4ec4[0m
[0m2021.02.16 18:12:49 INFO  time: imported build in 0.29s[0m
[0m2021.02.16 18:13:06 INFO  time: indexed workspace in 17s[0m
[0m2021.02.16 18:13:09 INFO  compiling bob (1 scala source)[0m
[0m2021.02.16 18:13:37 INFO  compiling bob-test (1 scala source)[0m
[0m2021.02.16 18:13:37 INFO  time: compiled bob in 28s[0m
[0m2021.02.16 18:13:40 INFO  time: compiled bob-test in 2.88s[0m
[0m2021.02.16 18:14:47 INFO  Disconnecting from Bloop session...[0m
[0m2021.02.16 18:14:47 INFO  Shut down connection with build server.[0m
[0m2021.02.16 18:14:47 INFO  Shut down connection with build server.[0m
No more data in the client stdin, exiting...
No more data in the client stdin, exiting...
No more data in the server stdin, exiting...
No more data in the server stdin, exiting...
[0m2021.02.16 18:14:47 INFO  Attempting to connect to the build server...[0m
No more data in the server stdin, exiting...
No more data in the server stdin, exiting...
Starting the bsp launcher for bloop...
Opening a bsp server connection with 'bsp --protocol local --socket /var/folders/yt/w61w_f5j0sl207y6bljhbzvc0000gn/T/bsp-launcher1996034447387867/bsp.socket'...
Waiting for the bsp connection to come up...
[0m[32m[D][0m Loading workspace settings from bloop.settings.json
[0m[32m[D][0m Waiting for a connection at local:///var/folders/yt/w61w_f5j0sl207y6bljhbzvc0000gn/T/bsp-launcher1996034447387867/bsp.socket...
The server is listening for incoming connections at local:///var/folders/yt/w61w_f5j0sl207y6bljhbzvc0000gn/T/bsp-launcher1996034447387867/bsp.socket...
Starting thread that pumps stdin and redirects it to the bsp server...
Starting thread that pumps server stdout and redirects it to the client stdout...
[0m2021.02.16 18:14:47 INFO  tracing is disabled for protocol BSP, to enable tracing of incoming and outgoing JSON messages create an empty file at /Users/georgisamardzhiev/Library/Caches/org.scalameta.metals/bsp.trace.json[0m
[0m2021.02.16 18:14:47 INFO  Attempting to connect to the build server...[0m
Starting the bsp launcher for bloop...
Opening a bsp server connection with 'bsp --protocol local --socket /var/folders/yt/w61w_f5j0sl207y6bljhbzvc0000gn/T/bsp-launcher5931799048012088154/bsp.socket'...
Waiting for the bsp connection to come up...
[0m[32m[D][0m Loading workspace settings from bloop.settings.json
[0m[32m[D][0m Waiting for a connection at local:///var/folders/yt/w61w_f5j0sl207y6bljhbzvc0000gn/T/bsp-launcher5931799048012088154/bsp.socket...
The server is listening for incoming connections at local:///var/folders/yt/w61w_f5j0sl207y6bljhbzvc0000gn/T/bsp-launcher5931799048012088154/bsp.socket...
Starting thread that pumps stdin and redirects it to the bsp server...
Starting thread that pumps server stdout and redirects it to the client stdout...
[0m2021.02.16 18:14:47 INFO  tracing is disabled for protocol BSP, to enable tracing of incoming and outgoing JSON messages create an empty file at /Users/georgisamardzhiev/Library/Caches/org.scalameta.metals/bsp.trace.json[0m
[0m2021.02.16 18:14:47 INFO  time: connected to build server in 0.11s[0m
[0m2021.02.16 18:14:47 INFO  Connected to Build server v1.4.6-21-464e4ec4[0m
[0m2021.02.16 18:14:48 INFO  time: indexed workspace in 1.04s[0m
Feb 16, 2021 6:19:12 PM org.eclipse.lsp4j.jsonrpc.RemoteEndpoint handleCancellation
WARNING: Unmatched cancel notification for request id 211
Feb 16, 2021 6:23:56 PM org.eclipse.lsp4j.jsonrpc.RemoteEndpoint handleCancellation
WARNING: Unmatched cancel notification for request id 372
Feb 16, 2021 6:25:12 PM org.eclipse.lsp4j.jsonrpc.RemoteEndpoint fallbackResponseError
SEVERE: Internal error: org.scalameta.invariants.InvariantFailedException: invariant failed:
when verifying scala.meta.classifiers.`package`.XtensionClassifiable[scala.meta.tokens.Token](ScalametaParser.this.token)(scala.meta.tokens.Token.classifiable[scala.meta.tokens.Token]).isNot[scala.meta.tokens.Token.KwCase](Token.this.KwCase.classifier[scala.meta.tokens.Token]).&&(org.scalameta.`package`.debug(ScalametaParser.this.token))
found that scala.meta.classifiers.`package`.XtensionClassifiable[scala.meta.tokens.Token](ScalametaParser.this.token)(scala.meta.tokens.Token.classifiable[scala.meta.tokens.Token]).isNot[scala.meta.tokens.Token.KwCase](Token.this.KwCase.classifier[scala.meta.tokens.Token]) is false
where ScalametaParser = scala.meta.internal.parsers.ScalametaParser@2da6e68c
where ScalametaParser.this.token = case
where Token = scala.meta.tokens.Token$@771fa8db
java.util.concurrent.CompletionException: org.scalameta.invariants.InvariantFailedException: invariant failed:
when verifying scala.meta.classifiers.`package`.XtensionClassifiable[scala.meta.tokens.Token](ScalametaParser.this.token)(scala.meta.tokens.Token.classifiable[scala.meta.tokens.Token]).isNot[scala.meta.tokens.Token.KwCase](Token.this.KwCase.classifier[scala.meta.tokens.Token]).&&(org.scalameta.`package`.debug(ScalametaParser.this.token))
found that scala.meta.classifiers.`package`.XtensionClassifiable[scala.meta.tokens.Token](ScalametaParser.this.token)(scala.meta.tokens.Token.classifiable[scala.meta.tokens.Token]).isNot[scala.meta.tokens.Token.KwCase](Token.this.KwCase.classifier[scala.meta.tokens.Token]) is false
where ScalametaParser = scala.meta.internal.parsers.ScalametaParser@2da6e68c
where ScalametaParser.this.token = case
where Token = scala.meta.tokens.Token$@771fa8db
	at java.util.concurrent.CompletableFuture.encodeThrowable(CompletableFuture.java:273)
	at java.util.concurrent.CompletableFuture.completeThrowable(CompletableFuture.java:280)
	at java.util.concurrent.CompletableFuture$AsyncSupply.run(CompletableFuture.java:1606)
	at java.util.concurrent.ThreadPoolExecutor.runWorker(ThreadPoolExecutor.java:1149)
	at java.util.concurrent.ThreadPoolExecutor$Worker.run(ThreadPoolExecutor.java:624)
	at java.lang.Thread.run(Thread.java:748)
Caused by: org.scalameta.invariants.InvariantFailedException: invariant failed:
when verifying scala.meta.classifiers.`package`.XtensionClassifiable[scala.meta.tokens.Token](ScalametaParser.this.token)(scala.meta.tokens.Token.classifiable[scala.meta.tokens.Token]).isNot[scala.meta.tokens.Token.KwCase](Token.this.KwCase.classifier[scala.meta.tokens.Token]).&&(org.scalameta.`package`.debug(ScalametaParser.this.token))
found that scala.meta.classifiers.`package`.XtensionClassifiable[scala.meta.tokens.Token](ScalametaParser.this.token)(scala.meta.tokens.Token.classifiable[scala.meta.tokens.Token]).isNot[scala.meta.tokens.Token.KwCase](Token.this.KwCase.classifier[scala.meta.tokens.Token]) is false
where ScalametaParser = scala.meta.internal.parsers.ScalametaParser@2da6e68c
where ScalametaParser.this.token = case
where Token = scala.meta.tokens.Token$@771fa8db
	at org.scalameta.invariants.InvariantFailedException$.raise(Exceptions.scala:19)
	at scala.meta.internal.parsers.ScalametaParser.$anonfun$caseClause$1(ScalametaParser.scala:2901)
	at scala.meta.internal.parsers.ScalametaParser.atPos(ScalametaParser.scala:704)
	at scala.meta.internal.parsers.ScalametaParser.caseClause(ScalametaParser.scala:2900)
	at scala.meta.internal.parsers.ScalametaParser.caseClauses(ScalametaParser.scala:2941)
	at scala.meta.internal.parsers.ScalametaParser.$anonfun$matchClause$4(ScalametaParser.scala:2056)
	at scala.meta.internal.parsers.ScalametaParser.inBraces(ScalametaParser.scala:621)
	at scala.meta.internal.parsers.ScalametaParser.inBracesOrError(ScalametaParser.scala:628)
	at scala.meta.internal.parsers.ScalametaParser.inBracesOrNil(ScalametaParser.scala:643)
	at scala.meta.internal.parsers.ScalametaParser.$anonfun$matchClause$3(ScalametaParser.scala:2056)
	at scala.meta.internal.parsers.ScalametaParser.atPos(ScalametaParser.scala:704)
	at scala.meta.internal.parsers.ScalametaParser.matchClause(ScalametaParser.scala:2056)
	at scala.meta.internal.parsers.ScalametaParser.$anonfun$expr$1(ScalametaParser.scala:2236)
	at scala.meta.internal.parsers.ScalametaParser.atPos(ScalametaParser.scala:704)
	at scala.meta.internal.parsers.ScalametaParser.autoPos(ScalametaParser.scala:720)
	at scala.meta.internal.parsers.ScalametaParser.expr(ScalametaParser.scala:2098)
	at scala.meta.internal.parsers.ScalametaParser.$anonfun$blockStatSeq$2(ScalametaParser.scala:4791)
	at scala.meta.internal.parsers.ScalametaParser.stat(ScalametaParser.scala:4634)
	at scala.meta.internal.parsers.ScalametaParser.blockStatSeq(ScalametaParser.scala:4791)
	at scala.meta.internal.parsers.ScalametaParser.$anonfun$block$1(ScalametaParser.scala:2897)
	at scala.meta.internal.parsers.ScalametaParser.atPos(ScalametaParser.scala:704)
	at scala.meta.internal.parsers.ScalametaParser.autoPos(ScalametaParser.scala:720)
	at scala.meta.internal.parsers.ScalametaParser.block(ScalametaParser.scala:2890)
	at scala.meta.internal.parsers.ScalametaParser.blockOrCase$1(ScalametaParser.scala:2878)
	at scala.meta.internal.parsers.ScalametaParser.$anonfun$blockExpr$3(ScalametaParser.scala:2881)
	at scala.meta.internal.parsers.ScalametaParser.inBraces(ScalametaParser.scala:621)
	at scala.meta.internal.parsers.ScalametaParser.$anonfun$blockExpr$1(ScalametaParser.scala:2881)
	at scala.meta.internal.parsers.ScalametaParser.atPos(ScalametaParser.scala:704)
	at scala.meta.internal.parsers.ScalametaParser.autoPos(ScalametaParser.scala:720)
	at scala.meta.internal.parsers.ScalametaParser.blockExpr(ScalametaParser.scala:2874)
	at scala.meta.internal.parsers.ScalametaParser.$anonfun$simpleExpr0$1(ScalametaParser.scala:2697)
	at scala.meta.internal.parsers.ScalametaParser.atPosTry(ScalametaParser.scala:713)
	at scala.meta.internal.parsers.ScalametaParser.autoPosTry(ScalametaParser.scala:723)
	at scala.meta.internal.parsers.ScalametaParser.simpleExpr0(ScalametaParser.scala:2667)
	at scala.meta.internal.parsers.ScalametaParser.simpleExpr(ScalametaParser.scala:2665)
	at scala.meta.internal.parsers.ScalametaParser.prefixExpr(ScalametaParser.scala:2649)
	at scala.meta.internal.parsers.ScalametaParser.postfixExpr(ScalametaParser.scala:2629)
	at scala.meta.internal.parsers.ScalametaParser.$anonfun$expr$13(ScalametaParser.scala:2214)
	at scala.meta.internal.parsers.ScalametaParser.atPos(ScalametaParser.scala:704)
	at scala.meta.internal.parsers.ScalametaParser.autoPos(ScalametaParser.scala:720)
	at scala.meta.internal.parsers.ScalametaParser.$anonfun$expr$1(ScalametaParser.scala:2214)
	at scala.meta.internal.parsers.ScalametaParser.atPos(ScalametaParser.scala:704)
	at scala.meta.internal.parsers.ScalametaParser.autoPos(ScalametaParser.scala:720)
	at scala.meta.internal.parsers.ScalametaParser.expr(ScalametaParser.scala:2098)
	at scala.meta.internal.parsers.ScalametaParser.expr(ScalametaParser.scala:1993)
	at scala.meta.internal.parsers.ScalametaParser.exprMaybeIndented(ScalametaParser.scala:2021)
	at scala.meta.internal.parsers.ScalametaParser.$anonfun$funDefRest$1(ScalametaParser.scala:4094)
	at scala.meta.internal.parsers.ScalametaParser.atPos(ScalametaParser.scala:704)
	at scala.meta.internal.parsers.ScalametaParser.funDefRest(ScalametaParser.scala:4036)
	at scala.meta.internal.parsers.ScalametaParser.funDefOrDclOrExtensionOrSecondaryCtor(ScalametaParser.scala:3980)
	at scala.meta.internal.parsers.ScalametaParser.defOrDclOrSecondaryCtor(ScalametaParser.scala:3833)
	at scala.meta.internal.parsers.ScalametaParser.nonLocalDefOrDcl(ScalametaParser.scala:3818)
	at scala.meta.internal.parsers.ScalametaParser$$anonfun$templateStat$1$1.applyOrElse(ScalametaParser.scala:4715)
	at scala.meta.internal.parsers.ScalametaParser$$anonfun$templateStat$1$1.applyOrElse(ScalametaParser.scala:4709)
	at scala.runtime.AbstractPartialFunction.apply(AbstractPartialFunction.scala:38)
	at scala.meta.internal.parsers.ScalametaParser.statSeq(ScalametaParser.scala:4653)
	at scala.meta.internal.parsers.ScalametaParser.templateStats(ScalametaParser.scala:4725)
	at scala.meta.internal.parsers.ScalametaParser.templateStatSeq(ScalametaParser.scala:4705)
	at scala.meta.internal.parsers.ScalametaParser.$anonfun$templateBody$1(ScalametaParser.scala:4559)
	at scala.meta.internal.parsers.ScalametaParser.inBraces(ScalametaParser.scala:621)
	at scala.meta.internal.parsers.ScalametaParser.templateBody(ScalametaParser.scala:4559)
	at scala.meta.internal.parsers.ScalametaParser.templateBodyOpt(ScalametaParser.scala:4567)
	at scala.meta.internal.parsers.ScalametaParser.templateOpt(ScalametaParser.scala:4552)
	at scala.meta.internal.parsers.ScalametaParser.$anonfun$objectDef$1(ScalametaParser.scala:4293)
	at scala.meta.internal.parsers.ScalametaParser.atPos(ScalametaParser.scala:704)
	at scala.meta.internal.parsers.ScalametaParser.objectDef(ScalametaParser.scala:4285)
	at scala.meta.internal.parsers.ScalametaParser.tmplDef(ScalametaParser.scala:4169)
	at scala.meta.internal.parsers.ScalametaParser.topLevelTmplDef(ScalametaParser.scala:4151)
	at scala.meta.internal.parsers.ScalametaParser$$anonfun$topStat$1.applyOrElse(ScalametaParser.scala:4675)
	at scala.meta.internal.parsers.ScalametaParser$$anonfun$topStat$1.applyOrElse(ScalametaParser.scala:4663)
	at scala.runtime.AbstractPartialFunction.apply(AbstractPartialFunction.scala:38)
	at scala.meta.internal.parsers.ScalametaParser.statSeq(ScalametaParser.scala:4653)
	at scala.meta.internal.parsers.ScalametaParser.topStatSeq(ScalametaParser.scala:4662)
	at scala.meta.internal.parsers.ScalametaParser.$anonfun$batchSource$1(ScalametaParser.scala:4876)
	at scala.meta.internal.parsers.ScalametaParser.atPos(ScalametaParser.scala:704)
	at scala.meta.internal.parsers.ScalametaParser.autoPos(ScalametaParser.scala:720)
	at scala.meta.internal.parsers.ScalametaParser.batchSource(ScalametaParser.scala:4842)
	at scala.meta.internal.parsers.ScalametaParser.$anonfun$source$1(ScalametaParser.scala:4825)
	at scala.meta.internal.parsers.ScalametaParser.atPos(ScalametaParser.scala:704)
	at scala.meta.internal.parsers.ScalametaParser.autoPos(ScalametaParser.scala:720)
	at scala.meta.internal.parsers.ScalametaParser.source(ScalametaParser.scala:4824)
	at scala.meta.internal.parsers.ScalametaParser.entrypointSource(ScalametaParser.scala:4830)
	at scala.meta.internal.parsers.ScalametaParser.$anonfun$parseSource$2(ScalametaParser.scala:142)
	at scala.meta.internal.parsers.ScalametaParser.parseRule(ScalametaParser.scala:52)
	at scala.meta.internal.parsers.ScalametaParser.parseSource(ScalametaParser.scala:142)
	at scala.meta.parsers.Parse$.$anonfun$parseSource$1(Parse.scala:29)
	at scala.meta.internal.parsers.ScalametaParser$$anon$259.apply(ScalametaParser.scala:4887)
	at scala.meta.parsers.Api$XtensionParseDialectInput.parse(Api.scala:25)
	at scala.meta.internal.metals.Trees.$anonfun$parse$1(Trees.scala:66)
	at scala.Option.map(Option.scala:163)
	at scala.meta.internal.metals.Trees.parse(Trees.scala:64)
	at scala.meta.internal.metals.Trees.didChange(Trees.scala:38)
	at scala.meta.internal.pc.ScalaPresentationCompiler.$anonfun$didChange$1(ScalaPresentationCompiler.scala:128)
	at java.util.concurrent.CompletableFuture$AsyncSupply.run(CompletableFuture.java:1604)
	... 3 more

Feb 16, 2021 6:26:43 PM org.eclipse.lsp4j.jsonrpc.RemoteEndpoint handleCancellation
WARNING: Unmatched cancel notification for request id 604
Feb 16, 2021 6:27:02 PM org.eclipse.lsp4j.jsonrpc.RemoteEndpoint handleCancellation
WARNING: Unmatched cancel notification for request id 670
Feb 16, 2021 6:29:01 PM org.eclipse.lsp4j.jsonrpc.RemoteEndpoint handleCancellation
WARNING: Unmatched cancel notification for request id 773
Feb 16, 2021 6:32:49 PM org.eclipse.lsp4j.jsonrpc.RemoteEndpoint handleCancellation
WARNING: Unmatched cancel notification for request id 853
Feb 16, 2021 6:32:50 PM org.eclipse.lsp4j.jsonrpc.RemoteEndpoint handleCancellation
WARNING: Unmatched cancel notification for request id 855
Feb 16, 2021 6:32:50 PM org.eclipse.lsp4j.jsonrpc.RemoteEndpoint handleCancellation
WARNING: Unmatched cancel notification for request id 854
Feb 16, 2021 6:32:50 PM org.eclipse.lsp4j.jsonrpc.RemoteEndpoint handleCancellation
WARNING: Unmatched cancel notification for request id 856
Feb 16, 2021 6:33:21 PM org.eclipse.lsp4j.jsonrpc.RemoteEndpoint handleCancellation
WARNING: Unmatched cancel notification for request id 993
Feb 16, 2021 6:33:21 PM org.eclipse.lsp4j.jsonrpc.RemoteEndpoint handleCancellation
WARNING: Unmatched cancel notification for request id 995
Feb 16, 2021 6:33:21 PM org.eclipse.lsp4j.jsonrpc.RemoteEndpoint handleCancellation
WARNING: Unmatched cancel notification for request id 992
Feb 16, 2021 6:34:55 PM org.eclipse.lsp4j.jsonrpc.RemoteEndpoint handleCancellation
WARNING: Unmatched cancel notification for request id 1148
Feb 16, 2021 6:38:23 PM org.eclipse.lsp4j.jsonrpc.RemoteEndpoint handleCancellation
WARNING: Unmatched cancel notification for request id 1281
Feb 16, 2021 6:38:23 PM org.eclipse.lsp4j.jsonrpc.RemoteEndpoint handleCancellation
WARNING: Unmatched cancel notification for request id 1283
Feb 16, 2021 6:38:23 PM org.eclipse.lsp4j.jsonrpc.RemoteEndpoint handleCancellation
WARNING: Unmatched cancel notification for request id 1280
Feb 16, 2021 6:38:23 PM org.eclipse.lsp4j.jsonrpc.RemoteEndpoint handleCancellation
WARNING: Unmatched cancel notification for request id 1282
[0m2021.02.16 18:43:48 INFO  compiling bob (1 scala source)[0m
[0m2021.02.16 18:43:48 INFO  time: compiled bob in 0.96s[0m
Feb 16, 2021 6:45:00 PM org.eclipse.lsp4j.jsonrpc.RemoteEndpoint handleCancellation
WARNING: Unmatched cancel notification for request id 2063
[0m2021.02.16 18:45:14 INFO  compiling bob (1 scala source)[0m
[0m2021.02.16 18:45:14 INFO  time: compiled bob in 0.68s[0m
[0m2021.02.16 18:45:14 INFO  compiling bob-test (1 scala source)[0m
[0m2021.02.16 18:45:14 INFO  compiling bob (1 scala source)[0m
[0m2021.02.16 18:45:15 INFO  time: compiled bob in 0.62s[0m
[0m2021.02.16 18:45:16 INFO  time: compiled bob-test in 1.94s[0m
[0m2021.02.16 18:48:42 INFO  compilation cancelled[0m
